app/build/outputs/logs/manifest-merger-debug-report.txt
-- Merging decision tree log ---
manifest
ADDED from src/main/AndroidManifest.xml:2:1-168:12
INJECTED from src/main/AndroidManifest.xml:2:1-168:12
INJECTED from src/main/AndroidManifest.xml:2:1-168:12
INJECTED from src/main/AndroidManifest.xml:2:1-168:12
INJECTED from src/main/AndroidManifest.xml:2:1-168:12
INJECTED from src/main/AndroidManifest.xml:2:1-168:12
INJECTED from src/main/AndroidManifest.xml:2:1-168:12
	package
		ADDED from src/main/AndroidManifest.xml:4:5-38
		INJECTED from src/main/AndroidManifest.xml
		INJECTED from src/main/AndroidManifest.xml
	android:versionName
		ADDED from src/main/AndroidManifest.xml:6:7-32
		INJECTED from src/main/AndroidManifest.xml
		INJECTED from src/main/AndroidManifest.xml
	xmlns:tools
		ADDED from src/main/AndroidManifest.xml:3:5-51
	xmlns:android
		ADDED from src/main/AndroidManifest.xml:2:11-69
	android:versionCode
		ADDED from src/main/AndroidManifest.xml:5:7-30
		INJECTED from src/main/AndroidManifest.xml
		INJECTED from src/main/AndroidManifest.xml
uses-permission#android.permission.BLUETOOTH_ADMIN
ADDED from src/main/AndroidManifest.xml:7:5-74
	android:name
		ADDED from src/main/AndroidManifest.xml:7:22-71
uses-permission#android.permission.BLUETOOTH
ADDED from src/main/AndroidManifest.xml:8:5-68
	android:name
		ADDED from src/main/AndroidManifest.xml:8:22-65
uses-permission#android.permission.MOUNT_UNMOUNT_FILESYSTEMS
ADDED from src/main/AndroidManifest.xml:9:5-10:47
	tools:ignore
		ADDED from src/main/AndroidManifest.xml:10:9-44
	android:name
		ADDED from src/main/AndroidManifest.xml:9:22-81
uses-permission#android.permission.CAMERA
ADDED from src/main/AndroidManifest.xml:11:5-65
	android:name
		ADDED from src/main/AndroidManifest.xml:11:22-62
uses-permission#android.permission.RECORD_AUDIO
ADDED from src/main/AndroidManifest.xml:12:5-71
	android:name
		ADDED from src/main/AndroidManifest.xml:12:22-68
uses-permission#android.permission.WRITE_EXTERNAL_STORAGE
ADDED from src/main/AndroidManifest.xml:13:5-80
	android:name
		ADDED from src/main/AndroidManifest.xml:13:22-78
uses-permission#android.permission.READ_EXTERNAL_STORAGE
ADDED from src/main/AndroidManifest.xml:14:5-79
	android:name
		ADDED from src/main/AndroidManifest.xml:14:22-77
uses-sdk
ADDED from src/main/AndroidManifest.xml:16:5-71
INJECTED from src/main/AndroidManifest.xml:16:5-71
INJECTED from src/main/AndroidManifest.xml:16:5-71
INJECTED from src/main/AndroidManifest.xml:16:5-71
INJECTED from src/main/AndroidManifest.xml:16:5-71
	android:targetSdkVersion
		ADDED from src/main/AndroidManifest.xml:16:41-69
		INJECTED from src/main/AndroidManifest.xml
		INJECTED from src/main/AndroidManifest.xml
	android:minSdkVersion
		ADDED from src/main/AndroidManifest.xml:16:15-40
		INJECTED from src/main/AndroidManifest.xml
		INJECTED from src/main/AndroidManifest.xml
application
ADDED from src/main/AndroidManifest.xml:18:5-167:19
	android:label
		ADDED from src/main/AndroidManifest.xml:18:18-50
	android:icon
		ADDED from src/main/AndroidManifest.xml:19:18-47
activity#global.factura.qrpos.Main_Activity
ADDED from src/main/AndroidManifest.xml:20:9-27:20
	android:label
		ADDED from src/main/AndroidManifest.xml:21:19-51
	android:configChanges
		ADDED from src/main/AndroidManifest.xml:22:19-69
	android:name
		ADDED from src/main/AndroidManifest.xml:20:19-68
intent-filter#action:name:android.intent.action.MAIN+category:name:android.intent.category.LAUNCHER
ADDED from src/main/AndroidManifest.xml:23:13-26:29
action#android.intent.action.MAIN
ADDED from src/main/AndroidManifest.xml:24:17-69
	android:name
		ADDED from src/main/AndroidManifest.xml:24:25-66
category#android.intent.category.LAUNCHER
ADDED from src/main/AndroidManifest.xml:25:17-77
	android:name
		ADDED from src/main/AndroidManifest.xml:25:27-74
activity#global.factura.qrpos.DeviceListActivity
ADDED from src/main/AndroidManifest.xml:28:9-31:72
	android:label
		ADDED from src/main/AndroidManifest.xml:29:19-56
	android:configChanges
		ADDED from src/main/AndroidManifest.xml:31:19-69
	android:theme
		ADDED from src/main/AndroidManifest.xml:30:19-62
	android:name
		ADDED from src/main/AndroidManifest.xml:28:19-73
activity#global.factura.qrpos.init_alfilPOS
ADDED from src/main/AndroidManifest.xml:33:9-36:66
	android:label
		ADDED from src/main/AndroidManifest.xml:34:13-50
	android:configChanges
		ADDED from src/main/AndroidManifest.xml:36:13-63
	android:theme
		ADDED from src/main/AndroidManifest.xml:35:13-56
	android:name
		ADDED from src/main/AndroidManifest.xml:33:19-68
activity#global.factura.qrpos.addDatos
ADDED from src/main/AndroidManifest.xml:38:9-41:66
	android:label
		ADDED from src/main/AndroidManifest.xml:39:13-50
	android:configChanges
		ADDED from src/main/AndroidManifest.xml:41:13-63
	android:theme
		ADDED from src/main/AndroidManifest.xml:40:13-56
	android:name
		ADDED from src/main/AndroidManifest.xml:38:19-63
activity#global.factura.qrpos.Modificar
ADDED from src/main/AndroidManifest.xml:43:9-46:66
	android:label
		ADDED from src/main/AndroidManifest.xml:44:13-50
	android:configChanges
		ADDED from src/main/AndroidManifest.xml:46:13-63
	android:theme
		ADDED from src/main/AndroidManifest.xml:45:13-56
	android:name
		ADDED from src/main/AndroidManifest.xml:43:19-64
activity#global.factura.qrpos.Modificar2
ADDED from src/main/AndroidManifest.xml:48:9-51:66
	android:label
		ADDED from src/main/AndroidManifest.xml:49:13-50
	android:configChanges
		ADDED from src/main/AndroidManifest.xml:51:13-63
	android:theme
		ADDED from src/main/AndroidManifest.xml:50:13-56
	android:name
		ADDED from src/main/AndroidManifest.xml:48:19-65
activity#global.factura.qrpos.MainActivity_Detalle
ADDED from src/main/AndroidManifest.xml:53:9-56:66
	android:label
		ADDED from src/main/AndroidManifest.xml:54:13-50
	android:configChanges
		ADDED from src/main/AndroidManifest.xml:56:13-63
	android:theme
		ADDED from src/main/AndroidManifest.xml:55:13-56
	android:name
		ADDED from src/main/AndroidManifest.xml:53:19-75
activity#global.factura.qrpos.Detalle
ADDED from src/main/AndroidManifest.xml:58:9-61:66
	android:label
		ADDED from src/main/AndroidManifest.xml:59:13-50
	android:configChanges
		ADDED from src/main/AndroidManifest.xml:61:13-63
	android:theme
		ADDED from src/main/AndroidManifest.xml:60:13-56
	android:name
		ADDED from src/main/AndroidManifest.xml:58:19-62
activity#global.factura.qrpos.addDatos_Detalle
ADDED from src/main/AndroidManifest.xml:63:9-66:66
	android:label
		ADDED from src/main/AndroidManifest.xml:64:13-50
	android:configChanges
		ADDED from src/main/AndroidManifest.xml:66:13-63
	android:theme
		ADDED from src/main/AndroidManifest.xml:65:13-56
	android:name
		ADDED from src/main/AndroidManifest.xml:63:19-71
activity#global.factura.qrpos.Empresas
ADDED from src/main/AndroidManifest.xml:69:9-72:66
	android:label
		ADDED from src/main/AndroidManifest.xml:70:13-50
	android:configChanges
		ADDED from src/main/AndroidManifest.xml:72:13-63
	android:theme
		ADDED from src/main/AndroidManifest.xml:71:13-56
	android:name
		ADDED from src/main/AndroidManifest.xml:69:19-63
activity#global.factura.qrpos.TicketPos
ADDED from src/main/AndroidManifest.xml:74:9-77:66
	android:label
		ADDED from src/main/AndroidManifest.xml:75:13-50
	android:configChanges
		ADDED from src/main/AndroidManifest.xml:77:13-63
	android:theme
		ADDED from src/main/AndroidManifest.xml:76:13-56
	android:name
		ADDED from src/main/AndroidManifest.xml:74:19-64
activity#global.factura.qrpos.MainActivity_Productos
ADDED from src/main/AndroidManifest.xml:79:9-82:66
	android:label
		ADDED from src/main/AndroidManifest.xml:80:13-50
	android:configChanges
		ADDED from src/main/AndroidManifest.xml:82:13-63
	android:theme
		ADDED from src/main/AndroidManifest.xml:81:13-56
	android:name
		ADDED from src/main/AndroidManifest.xml:79:19-77
activity#global.factura.qrpos.addDatos_Productos
ADDED from src/main/AndroidManifest.xml:85:9-88:66
	android:label
		ADDED from src/main/AndroidManifest.xml:86:13-50
	android:configChanges
		ADDED from src/main/AndroidManifest.xml:88:13-63
	android:theme
		ADDED from src/main/AndroidManifest.xml:87:13-56
	android:name
		ADDED from src/main/AndroidManifest.xml:85:19-73
activity#global.factura.qrpos.Productos
ADDED from src/main/AndroidManifest.xml:90:9-93:66
	android:label
		ADDED from src/main/AndroidManifest.xml:91:13-50
	android:configChanges
		ADDED from src/main/AndroidManifest.xml:93:13-63
	android:theme
		ADDED from src/main/AndroidManifest.xml:92:13-56
	android:name
		ADDED from src/main/AndroidManifest.xml:90:19-64
activity#global.factura.qrpos.MainActivity_Series
ADDED from src/main/AndroidManifest.xml:95:9-98:66
	android:label
		ADDED from src/main/AndroidManifest.xml:96:13-50
	android:configChanges
		ADDED from src/main/AndroidManifest.xml:98:13-63
	android:theme
		ADDED from src/main/AndroidManifest.xml:97:13-56
	android:name
		ADDED from src/main/AndroidManifest.xml:95:19-74
activity#global.factura.qrpos.Series
ADDED from src/main/AndroidManifest.xml:100:9-103:66
	android:label
		ADDED from src/main/AndroidManifest.xml:101:13-50
	android:configChanges
		ADDED from src/main/AndroidManifest.xml:103:13-63
	android:theme
		ADDED from src/main/AndroidManifest.xml:102:13-56
	android:name
		ADDED from src/main/AndroidManifest.xml:100:19-61
activity#global.factura.qrpos.addDatos_Series
ADDED from src/main/AndroidManifest.xml:105:9-108:66
	android:label
		ADDED from src/main/AndroidManifest.xml:106:13-50
	android:configChanges
		ADDED from src/main/AndroidManifest.xml:108:13-63
	android:theme
		ADDED from src/main/AndroidManifest.xml:107:13-56
	android:name
		ADDED from src/main/AndroidManifest.xml:105:19-70
activity#global.factura.qrpos.MainActivity_Clientes
ADDED from src/main/AndroidManifest.xml:111:9-114:66
	android:label
		ADDED from src/main/AndroidManifest.xml:112:13-50
	android:configChanges
		ADDED from src/main/AndroidManifest.xml:114:13-63
	android:theme
		ADDED from src/main/AndroidManifest.xml:113:13-56
	android:name
		ADDED from src/main/AndroidManifest.xml:111:19-76
activity#global.factura.qrpos.addDatos_Clientes
ADDED from src/main/AndroidManifest.xml:116:9-119:66
	android:label
		ADDED from src/main/AndroidManifest.xml:117:13-50
	android:configChanges
		ADDED from src/main/AndroidManifest.xml:119:13-63
	android:theme
		ADDED from src/main/AndroidManifest.xml:118:13-56
	android:name
		ADDED from src/main/AndroidManifest.xml:116:19-72
activity#global.factura.qrpos.Clientes
ADDED from src/main/AndroidManifest.xml:122:9-125:66
	android:label
		ADDED from src/main/AndroidManifest.xml:123:13-50
	android:configChanges
		ADDED from src/main/AndroidManifest.xml:125:13-63
	android:theme
		ADDED from src/main/AndroidManifest.xml:124:13-56
	android:name
		ADDED from src/main/AndroidManifest.xml:122:19-63
activity#global.factura.qrpos.init_alfilPOS_archivadas
ADDED from src/main/AndroidManifest.xml:128:9-131:66
	android:label
		ADDED from src/main/AndroidManifest.xml:129:13-50
	android:configChanges
		ADDED from src/main/AndroidManifest.xml:131:13-63
	android:theme
		ADDED from src/main/AndroidManifest.xml:130:13-56
	android:name
		ADDED from src/main/AndroidManifest.xml:128:19-79
activity#global.factura.qrpos.Modificar2_archivadas
ADDED from src/main/AndroidManifest.xml:133:9-136:66
	android:label
		ADDED from src/main/AndroidManifest.xml:134:13-50
	android:configChanges
		ADDED from src/main/AndroidManifest.xml:136:13-63
	android:theme
		ADDED from src/main/AndroidManifest.xml:135:13-56
	android:name
		ADDED from src/main/AndroidManifest.xml:133:19-76
activity#global.factura.qrpos.addDatos_Notas
ADDED from src/main/AndroidManifest.xml:138:9-141:66
	android:label
		ADDED from src/main/AndroidManifest.xml:139:13-50
	android:configChanges
		ADDED from src/main/AndroidManifest.xml:141:13-63
	android:theme
		ADDED from src/main/AndroidManifest.xml:140:13-56
	android:name
		ADDED from src/main/AndroidManifest.xml:138:19-69
activity#global.factura.qrpos.MainActivity_Unidades
ADDED from src/main/AndroidManifest.xml:143:9-146:66
	android:label
		ADDED from src/main/AndroidManifest.xml:144:13-50
	android:configChanges
		ADDED from src/main/AndroidManifest.xml:146:13-63
	android:theme
		ADDED from src/main/AndroidManifest.xml:145:13-56
	android:name
		ADDED from src/main/AndroidManifest.xml:143:19-76
activity#global.factura.qrpos.Unidades
ADDED from src/main/AndroidManifest.xml:149:9-152:66
	android:label
		ADDED from src/main/AndroidManifest.xml:150:13-50
	android:configChanges
		ADDED from src/main/AndroidManifest.xml:152:13-63
	android:theme
		ADDED from src/main/AndroidManifest.xml:151:13-56
	android:name
		ADDED from src/main/AndroidManifest.xml:149:19-63
activity#global.factura.qrpos.addDatos_Unidades
ADDED from src/main/AndroidManifest.xml:154:9-157:66
	android:label
		ADDED from src/main/AndroidManifest.xml:155:13-50
	android:configChanges
		ADDED from src/main/AndroidManifest.xml:157:13-63
	android:theme
		ADDED from src/main/AndroidManifest.xml:156:13-56
	android:name
		ADDED from src/main/AndroidManifest.xml:154:19-72
activity#global.factura.qrpos.TicketPos_Base
ADDED from src/main/AndroidManifest.xml:159:9-162:66
	android:label
		ADDED from src/main/AndroidManifest.xml:160:13-50
	android:configChanges
		ADDED from src/main/AndroidManifest.xml:162:13-63
	android:theme
		ADDED from src/main/AndroidManifest.xml:161:13-56
	android:name
		ADDED from src/main/AndroidManifest.xml:159:19-69